<?xml version="1.0" encoding="UTF-8"?>
<testsuites name="TS Dashboard Admin - Job Vacancy" time="81.283" tests="1" failures="0" errors="0">
   <testsuite name="TS Dashboard Admin - Job Vacancy" tests="1" failures="0" errors="0" time="81.283" skipped="0" timestamp="2022-06-09 00:39:40" hostname="win10 - DESKTOP-L38EM27" id="Test Suites/TS Dashboard Admin - Job Vacancy">
      <properties>
         <property name="deviceName" value=""/>
         <property name="devicePlatform" value=""/>
         <property name="logFolder" value="C:\\Users\\win10\\Katalon Studio\\QA COMPHY - KEVIN RIMBUN\\Reports\\20220609_003916\\TS Dashboard Admin - Job Vacancy\\20220609_003916"/>
         <property name="logFiles" value="C:\\Users\\win10\\Katalon Studio\\QA COMPHY - KEVIN RIMBUN\\Reports\\20220609_003916\\TS Dashboard Admin - Job Vacancy\\20220609_003916\\execution0.log"/>
         <property name="attachments" value=""/>
         <property name="hostName" value="win10 - DESKTOP-L38EM27"/>
         <property name="os" value="Windows 10 64bit"/>
         <property name="katalonVersion" value="8.2.5.208"/>
         <property name="browser" value="Chrome 102.0.5005.63"/>
         <property name="hostAddress" value="192.168.100.68"/>
         <property name="sessionId" value="76ecbcdc0150b89d08a4de4e47e03584"/>
         <property name="seleniumVersion" value="3.141.59"/>
         <property name="proxyInformation" value="ProxyInformation { proxyOption=NO_PROXY, proxyServerType=HTTP, username=, password=********, proxyServerAddress=, proxyServerPort=0, executionList=&quot;&quot;, isApplyToDesiredCapabilities=true }"/>
         <property name="platform" value="Windows 10"/>
      </properties>
      <testcase name="Test Cases/TC Dashboard Admin - Job Vacancy" time="80.525" classname="Test Cases/TC Dashboard Admin - Job Vacancy" status="PASSED">
         <system-out><![CDATA[2022-06-09 00:39:41 - [TEST_CASE][PASSED] - Test Cases/TC Dashboard Admin - Job Vacancy: Test Cases/TC Dashboard Admin - Job Vacancy

2022-06-09 00:39:41 - [TEST_STEP][PASSED] - openBrowser(""): Browser is opened with url: ''

2022-06-09 00:39:42 - [MESSAGE][INFO] - Starting 'Chrome' driver

2022-06-09 00:39:42 - [MESSAGE][INFO] - Action delay is set to 0 milliseconds

2022-06-09 00:40:12 - [MESSAGE][PASSED] - Browser is opened with url: ''

2022-06-09 00:40:12 - [TEST_STEP][PASSED] - navigateToUrl("https://cms-comphy.herokuapp.com/login"): Navigate to 'https://cms-comphy.herokuapp.com/login' successfully

2022-06-09 00:40:16 - [MESSAGE][PASSED] - Navigate to 'https://cms-comphy.herokuapp.com/login' successfully

2022-06-09 00:40:16 - [TEST_STEP][PASSED] - setText(findTestObject("Object Repository/Dashboard Admin - Job Vacancy (Kevin Rimbun)/Page_Admin Comphy - Login/input_Welcome Back Admin Comphy_inputEmail"), "momyuke"): Text 'momyuke' is set on object 'Object Repository/Dashboard Admin - Job Vacancy (Kevin Rimbun)/Page_Admin Comphy - Login/input_Welcome Back Admin Comphy_inputEmail'

2022-06-09 00:40:18 - [MESSAGE][PASSED] - Text 'momyuke' is set on object 'Object Repository/Dashboard Admin - Job Vacancy (Kevin Rimbun)/Page_Admin Comphy - Login/input_Welcome Back Admin Comphy_inputEmail'

2022-06-09 00:40:18 - [TEST_STEP][PASSED] - setEncryptedText(findTestObject("Object Repository/Dashboard Admin - Job Vacancy (Kevin Rimbun)/Page_Admin Comphy - Login/input_Welcome Back Admin Comphy_inputPassword"), "ToCzUskD2PjAeQobUQ1UgQ=="): Text ****** has been set on object 'Object Repository/Dashboard Admin - Job Vacancy (Kevin Rimbun)/Page_Admin Comphy - Login/input_Welcome Back Admin Comphy_inputPassword'

2022-06-09 00:40:19 - [MESSAGE][PASSED] - Text ****** has been set on object 'Object Repository/Dashboard Admin - Job Vacancy (Kevin Rimbun)/Page_Admin Comphy - Login/input_Welcome Back Admin Comphy_inputPassword'

2022-06-09 00:40:19 - [TEST_STEP][PASSED] - click(findTestObject("Object Repository/Dashboard Admin - Job Vacancy (Kevin Rimbun)/Page_Admin Comphy - Login/a_Login")): Object: 'Object Repository/Dashboard Admin - Job Vacancy (Kevin Rimbun)/Page_Admin Comphy - Login/a_Login' is clicked on

2022-06-09 00:40:19 - [MESSAGE][PASSED] - Object: 'Object Repository/Dashboard Admin - Job Vacancy (Kevin Rimbun)/Page_Admin Comphy - Login/a_Login' is clicked on

2022-06-09 00:40:19 - [TEST_STEP][PASSED] - click(findTestObject("Object Repository/Dashboard Admin - Job Vacancy (Kevin Rimbun)/Page_Comphy - Admin/a_Lowongan")): Object: 'Object Repository/Dashboard Admin - Job Vacancy (Kevin Rimbun)/Page_Comphy - Admin/a_Lowongan' is clicked on

2022-06-09 00:40:24 - [MESSAGE][PASSED] - Object: 'Object Repository/Dashboard Admin - Job Vacancy (Kevin Rimbun)/Page_Comphy - Admin/a_Lowongan' is clicked on

2022-06-09 00:40:24 - [TEST_STEP][PASSED] - click(findTestObject("Object Repository/Dashboard Admin - Job Vacancy (Kevin Rimbun)/Page_Comphy - Admin/a_Tambah Data")): Object: 'Object Repository/Dashboard Admin - Job Vacancy (Kevin Rimbun)/Page_Comphy - Admin/a_Tambah Data' is clicked on

2022-06-09 00:40:26 - [MESSAGE][PASSED] - Object: 'Object Repository/Dashboard Admin - Job Vacancy (Kevin Rimbun)/Page_Comphy - Admin/a_Tambah Data' is clicked on

2022-06-09 00:40:26 - [TEST_STEP][PASSED] - setText(findTestObject("Object Repository/Dashboard Admin - Job Vacancy (Kevin Rimbun)/Page_Comphy - Admin/input_Judul Lowongan_title"), "Videographer"): Text 'Videographer' is set on object 'Object Repository/Dashboard Admin - Job Vacancy (Kevin Rimbun)/Page_Comphy - Admin/input_Judul Lowongan_title'

2022-06-09 00:40:26 - [MESSAGE][PASSED] - Text 'Videographer' is set on object 'Object Repository/Dashboard Admin - Job Vacancy (Kevin Rimbun)/Page_Comphy - Admin/input_Judul Lowongan_title'

2022-06-09 00:40:26 - [TEST_STEP][PASSED] - setText(findTestObject("Object Repository/Dashboard Admin - Job Vacancy (Kevin Rimbun)/Page_Comphy - Admin/input_Nama Perusahaan_jobCompanyName"), "PT Astronacci International"): Text 'PT Astronacci International' is set on object 'Object Repository/Dashboard Admin - Job Vacancy (Kevin Rimbun)/Page_Comphy - Admin/input_Nama Perusahaan_jobCompanyName'

2022-06-09 00:40:27 - [MESSAGE][PASSED] - Text 'PT Astronacci International' is set on object 'Object Repository/Dashboard Admin - Job Vacancy (Kevin Rimbun)/Page_Comphy - Admin/input_Nama Perusahaan_jobCompanyName'

2022-06-09 00:40:27 - [TEST_STEP][PASSED] - setText(findTestObject("Object Repository/Dashboard Admin - Job Vacancy (Kevin Rimbun)/Page_Comphy - Admin/input_Gaji_rangeSalary"), "Tidak Tersedia Untuk Saat Ini"): Text 'Tidak Tersedia Untuk Saat Ini' is set on object 'Object Repository/Dashboard Admin - Job Vacancy (Kevin Rimbun)/Page_Comphy - Admin/input_Gaji_rangeSalary'

2022-06-09 00:40:28 - [MESSAGE][PASSED] - Text 'Tidak Tersedia Untuk Saat Ini' is set on object 'Object Repository/Dashboard Admin - Job Vacancy (Kevin Rimbun)/Page_Comphy - Admin/input_Gaji_rangeSalary'

2022-06-09 00:40:28 - [TEST_STEP][PASSED] - click(findTestObject("Object Repository/Dashboard Admin - Job Vacancy (Kevin Rimbun)/Page_Comphy - Admin/input_Lokasi_location")): Object: 'Object Repository/Dashboard Admin - Job Vacancy (Kevin Rimbun)/Page_Comphy - Admin/input_Lokasi_location' is clicked on

2022-06-09 00:40:29 - [MESSAGE][PASSED] - Object: 'Object Repository/Dashboard Admin - Job Vacancy (Kevin Rimbun)/Page_Comphy - Admin/input_Lokasi_location' is clicked on

2022-06-09 00:40:29 - [TEST_STEP][PASSED] - setText(findTestObject("Object Repository/Dashboard Admin - Job Vacancy (Kevin Rimbun)/Page_Comphy - Admin/input_Lokasi_location"), "KOTA JAKARTA UTARA"): Text 'KOTA JAKARTA UTARA' is set on object 'Object Repository/Dashboard Admin - Job Vacancy (Kevin Rimbun)/Page_Comphy - Admin/input_Lokasi_location'

2022-06-09 00:40:30 - [MESSAGE][PASSED] - Text 'KOTA JAKARTA UTARA' is set on object 'Object Repository/Dashboard Admin - Job Vacancy (Kevin Rimbun)/Page_Comphy - Admin/input_Lokasi_location'

2022-06-09 00:40:30 - [TEST_STEP][PASSED] - click(findTestObject("Object Repository/Dashboard Admin - Job Vacancy (Kevin Rimbun)/Page_Comphy - Admin/input_Lokasi_isFulltime")): Object: 'Object Repository/Dashboard Admin - Job Vacancy (Kevin Rimbun)/Page_Comphy - Admin/input_Lokasi_isFulltime' is clicked on

2022-06-09 00:40:30 - [MESSAGE][PASSED] - Object: 'Object Repository/Dashboard Admin - Job Vacancy (Kevin Rimbun)/Page_Comphy - Admin/input_Lokasi_isFulltime' is clicked on

2022-06-09 00:40:30 - [TEST_STEP][PASSED] - setText(findTestObject("Object Repository/Dashboard Admin - Job Vacancy (Kevin Rimbun)/Page_Comphy - Admin/input_Deskripsi_desc1"), "Membuat sebuah karya visual dalam bentuk video konten yang menarik dan inspiratif dengan menggunakan teknik edit dan cutting yang kreatif dan menarik"): Text 'Membuat sebuah karya visual dalam bentuk video konten yang menarik dan inspiratif dengan menggunakan teknik edit dan cutting yang kreatif dan menarik' is set on object 'Object Repository/Dashboard Admin - Job Vacancy (Kevin Rimbun)/Page_Comphy - Admin/input_Deskripsi_desc1'

2022-06-09 00:40:31 - [MESSAGE][PASSED] - Text 'Membuat sebuah karya visual dalam bentuk video konten yang menarik dan inspiratif dengan menggunakan teknik edit dan cutting yang kreatif dan menarik' is set on object 'Object Repository/Dashboard Admin - Job Vacancy (Kevin Rimbun)/Page_Comphy - Admin/input_Deskripsi_desc1'

2022-06-09 00:40:31 - [TEST_STEP][PASSED] - click(findTestObject("Object Repository/Dashboard Admin - Job Vacancy (Kevin Rimbun)/Page_Comphy - Admin/button_Tambah Deskripsi")): Object: 'Object Repository/Dashboard Admin - Job Vacancy (Kevin Rimbun)/Page_Comphy - Admin/button_Tambah Deskripsi' is clicked on

2022-06-09 00:40:31 - [MESSAGE][PASSED] - Object: 'Object Repository/Dashboard Admin - Job Vacancy (Kevin Rimbun)/Page_Comphy - Admin/button_Tambah Deskripsi' is clicked on

2022-06-09 00:40:31 - [TEST_STEP][PASSED] - setText(findTestObject("Object Repository/Dashboard Admin - Job Vacancy (Kevin Rimbun)/Page_Comphy - Admin/input_Deskripsi_desc2"), "Membuat video untuk ikan atau promo di sosial media "): Text 'Membuat video untuk ikan atau promo di sosial media ' is set on object 'Object Repository/Dashboard Admin - Job Vacancy (Kevin Rimbun)/Page_Comphy - Admin/input_Deskripsi_desc2'

2022-06-09 00:40:32 - [MESSAGE][PASSED] - Text 'Membuat video untuk ikan atau promo di sosial media ' is set on object 'Object Repository/Dashboard Admin - Job Vacancy (Kevin Rimbun)/Page_Comphy - Admin/input_Deskripsi_desc2'

2022-06-09 00:40:32 - [TEST_STEP][PASSED] - click(findTestObject("Object Repository/Dashboard Admin - Job Vacancy (Kevin Rimbun)/Page_Comphy - Admin/button_Tambah Deskripsi")): Object: 'Object Repository/Dashboard Admin - Job Vacancy (Kevin Rimbun)/Page_Comphy - Admin/button_Tambah Deskripsi' is clicked on

2022-06-09 00:40:33 - [MESSAGE][PASSED] - Object: 'Object Repository/Dashboard Admin - Job Vacancy (Kevin Rimbun)/Page_Comphy - Admin/button_Tambah Deskripsi' is clicked on

2022-06-09 00:40:33 - [TEST_STEP][PASSED] - setText(findTestObject("Object Repository/Dashboard Admin - Job Vacancy (Kevin Rimbun)/Page_Comphy - Admin/input_Deskripsi_desc3"), "Selalu kreatif dan memiliki wawasan baru akan perkembangan audien yang berubah sewaktu-waktu"): Text 'Selalu kreatif dan memiliki wawasan baru akan perkembangan audien yang berubah sewaktu-waktu' is set on object 'Object Repository/Dashboard Admin - Job Vacancy (Kevin Rimbun)/Page_Comphy - Admin/input_Deskripsi_desc3'

2022-06-09 00:40:33 - [MESSAGE][PASSED] - Text 'Selalu kreatif dan memiliki wawasan baru akan perkembangan audien yang berubah sewaktu-waktu' is set on object 'Object Repository/Dashboard Admin - Job Vacancy (Kevin Rimbun)/Page_Comphy - Admin/input_Deskripsi_desc3'

2022-06-09 00:40:33 - [TEST_STEP][PASSED] - click(findTestObject("Object Repository/Dashboard Admin - Job Vacancy (Kevin Rimbun)/Page_Comphy - Admin/button_Tambah Deskripsi")): Object: 'Object Repository/Dashboard Admin - Job Vacancy (Kevin Rimbun)/Page_Comphy - Admin/button_Tambah Deskripsi' is clicked on

2022-06-09 00:40:34 - [MESSAGE][PASSED] - Object: 'Object Repository/Dashboard Admin - Job Vacancy (Kevin Rimbun)/Page_Comphy - Admin/button_Tambah Deskripsi' is clicked on

2022-06-09 00:40:34 - [TEST_STEP][PASSED] - setText(findTestObject("Object Repository/Dashboard Admin - Job Vacancy (Kevin Rimbun)/Page_Comphy - Admin/input_Deskripsi_desc4"), "Menguasai program video editing (Adobe Premiere, Adobe After Effects, Adobe Photoshop)"): Text 'Menguasai program video editing (Adobe Premiere, Adobe After Effects, Adobe Photoshop)' is set on object 'Object Repository/Dashboard Admin - Job Vacancy (Kevin Rimbun)/Page_Comphy - Admin/input_Deskripsi_desc4'

2022-06-09 00:40:35 - [MESSAGE][PASSED] - Text 'Menguasai program video editing (Adobe Premiere, Adobe After Effects, Adobe Photoshop)' is set on object 'Object Repository/Dashboard Admin - Job Vacancy (Kevin Rimbun)/Page_Comphy - Admin/input_Deskripsi_desc4'

2022-06-09 00:40:35 - [TEST_STEP][PASSED] - click(findTestObject("Object Repository/Dashboard Admin - Job Vacancy (Kevin Rimbun)/Page_Comphy - Admin/button_Tambah Deskripsi")): Object: 'Object Repository/Dashboard Admin - Job Vacancy (Kevin Rimbun)/Page_Comphy - Admin/button_Tambah Deskripsi' is clicked on

2022-06-09 00:40:35 - [MESSAGE][PASSED] - Object: 'Object Repository/Dashboard Admin - Job Vacancy (Kevin Rimbun)/Page_Comphy - Admin/button_Tambah Deskripsi' is clicked on

2022-06-09 00:40:35 - [TEST_STEP][PASSED] - setText(findTestObject("Object Repository/Dashboard Admin - Job Vacancy (Kevin Rimbun)/Page_Comphy - Admin/input_Deskripsi_desc5"), "Terbiasa mengunakan Kamera DSLR"): Text 'Terbiasa mengunakan Kamera DSLR' is set on object 'Object Repository/Dashboard Admin - Job Vacancy (Kevin Rimbun)/Page_Comphy - Admin/input_Deskripsi_desc5'

2022-06-09 00:40:36 - [MESSAGE][PASSED] - Text 'Terbiasa mengunakan Kamera DSLR' is set on object 'Object Repository/Dashboard Admin - Job Vacancy (Kevin Rimbun)/Page_Comphy - Admin/input_Deskripsi_desc5'

2022-06-09 00:40:36 - [TEST_STEP][PASSED] - click(findTestObject("Object Repository/Dashboard Admin - Job Vacancy (Kevin Rimbun)/Page_Comphy - Admin/button_Tambah Deskripsi")): Object: 'Object Repository/Dashboard Admin - Job Vacancy (Kevin Rimbun)/Page_Comphy - Admin/button_Tambah Deskripsi' is clicked on

2022-06-09 00:40:36 - [MESSAGE][PASSED] - Object: 'Object Repository/Dashboard Admin - Job Vacancy (Kevin Rimbun)/Page_Comphy - Admin/button_Tambah Deskripsi' is clicked on

2022-06-09 00:40:36 - [TEST_STEP][PASSED] - setText(findTestObject("Object Repository/Dashboard Admin - Job Vacancy (Kevin Rimbun)/Page_Comphy - Admin/input_Deskripsi_desc6"), "Terbiasa dengan tenggat waktu dan pressure dari perusahaan"): Text 'Terbiasa dengan tenggat waktu dan pressure dari perusahaan' is set on object 'Object Repository/Dashboard Admin - Job Vacancy (Kevin Rimbun)/Page_Comphy - Admin/input_Deskripsi_desc6'

2022-06-09 00:40:37 - [MESSAGE][PASSED] - Text 'Terbiasa dengan tenggat waktu dan pressure dari perusahaan' is set on object 'Object Repository/Dashboard Admin - Job Vacancy (Kevin Rimbun)/Page_Comphy - Admin/input_Deskripsi_desc6'

2022-06-09 00:40:37 - [TEST_STEP][PASSED] - setText(findTestObject("Object Repository/Dashboard Admin - Job Vacancy (Kevin Rimbun)/Page_Comphy - Admin/input_Waktu Proses Lamaran_longApplicationProcess"), "8 hari"): Text '8 hari' is set on object 'Object Repository/Dashboard Admin - Job Vacancy (Kevin Rimbun)/Page_Comphy - Admin/input_Waktu Proses Lamaran_longApplicationProcess'

2022-06-09 00:40:38 - [MESSAGE][PASSED] - Text '8 hari' is set on object 'Object Repository/Dashboard Admin - Job Vacancy (Kevin Rimbun)/Page_Comphy - Admin/input_Waktu Proses Lamaran_longApplicationProcess'

2022-06-09 00:40:38 - [TEST_STEP][PASSED] - setText(findTestObject("Object Repository/Dashboard Admin - Job Vacancy (Kevin Rimbun)/Page_Comphy - Admin/input_Tingkat Pekerjaan_jobLevel"), "Pegawai (non-manajemen & non-supervisor)"): Text 'Pegawai (non-manajemen & non-supervisor)' is set on object 'Object Repository/Dashboard Admin - Job Vacancy (Kevin Rimbun)/Page_Comphy - Admin/input_Tingkat Pekerjaan_jobLevel'

2022-06-09 00:40:39 - [MESSAGE][PASSED] - Text 'Pegawai (non-manajemen & non-supervisor)' is set on object 'Object Repository/Dashboard Admin - Job Vacancy (Kevin Rimbun)/Page_Comphy - Admin/input_Tingkat Pekerjaan_jobLevel'

2022-06-09 00:40:39 - [TEST_STEP][PASSED] - setText(findTestObject("Object Repository/Dashboard Admin - Job Vacancy (Kevin Rimbun)/Page_Comphy - Admin/input_Industri_industry"), "Konsultasi (Bisnis & Manajemen)"): Text 'Konsultasi (Bisnis & Manajemen)' is set on object 'Object Repository/Dashboard Admin - Job Vacancy (Kevin Rimbun)/Page_Comphy - Admin/input_Industri_industry'

2022-06-09 00:40:40 - [MESSAGE][PASSED] - Text 'Konsultasi (Bisnis & Manajemen)' is set on object 'Object Repository/Dashboard Admin - Job Vacancy (Kevin Rimbun)/Page_Comphy - Admin/input_Industri_industry'

2022-06-09 00:40:40 - [TEST_STEP][PASSED] - setText(findTestObject("Object Repository/Dashboard Admin - Job Vacancy (Kevin Rimbun)/Page_Comphy - Admin/input_Tunjangan dan Lain Lain_allowance"), "Asuransi Kesehatan, Waktu Reguler, Formil (contoh: kemeja + dasi), Komunikasi "): Text 'Asuransi Kesehatan, Waktu Reguler, Formil (contoh: kemeja + dasi), Komunikasi ' is set on object 'Object Repository/Dashboard Admin - Job Vacancy (Kevin Rimbun)/Page_Comphy - Admin/input_Tunjangan dan Lain Lain_allowance'

2022-06-09 00:40:41 - [MESSAGE][PASSED] - Text 'Asuransi Kesehatan, Waktu Reguler, Formil (contoh: kemeja + dasi), Komunikasi ' is set on object 'Object Repository/Dashboard Admin - Job Vacancy (Kevin Rimbun)/Page_Comphy - Admin/input_Tunjangan dan Lain Lain_allowance'

2022-06-09 00:40:41 - [TEST_STEP][PASSED] - setText(findTestObject("Object Repository/Dashboard Admin - Job Vacancy (Kevin Rimbun)/Page_Comphy - Admin/input_Kualifikasi_qualification"), "SMA, SMU/SMK/STM, Sertifikat Profesional, D3 (Diploma), D4 (Diploma), Sarjana (S1)"): Text 'SMA, SMU/SMK/STM, Sertifikat Profesional, D3 (Diploma), D4 (Diploma), Sarjana (S1)' is set on object 'Object Repository/Dashboard Admin - Job Vacancy (Kevin Rimbun)/Page_Comphy - Admin/input_Kualifikasi_qualification'

2022-06-09 00:40:42 - [MESSAGE][PASSED] - Text 'SMA, SMU/SMK/STM, Sertifikat Profesional, D3 (Diploma), D4 (Diploma), Sarjana (S1)' is set on object 'Object Repository/Dashboard Admin - Job Vacancy (Kevin Rimbun)/Page_Comphy - Admin/input_Kualifikasi_qualification'

2022-06-09 00:40:42 - [TEST_STEP][PASSED] - setText(findTestObject("Object Repository/Dashboard Admin - Job Vacancy (Kevin Rimbun)/Page_Comphy - Admin/input_Link Lamaran Pekerjaan_jobLink"), "https://www.jobstreet.co.id/id/job/videographer-3904581?jobId=jobstreet-id-job-3904581&sectionRank=1&token=0~edcc558f-152b-4952-a050-2599efcc9820&searchPath=%2Fid%2Fjob-search%2Fvideographer-jobs%2F&fr=SRP%20View%20In%20New%20Tab"): Text 'https://www.jobstreet.co.id/id/job/videographer-3904581?jobId=jobstreet-id-job-3904581&sectionRank=1&token=0~edcc558f-152b-4952-a050-2599efcc9820&searchPath=%2Fid%2Fjob-search%2Fvideographer-jobs%2F&fr=SRP%20View%20In%20New%20Tab' is set on object 'Object Repository/Dashboard Admin - Job Vacancy (Kevin Rimbun)/Page_Comphy - Admin/input_Link Lamaran Pekerjaan_jobLink'

2022-06-09 00:40:43 - [MESSAGE][PASSED] - Text 'https://www.jobstreet.co.id/id/job/videographer-3904581?jobId=jobstreet-id-job-3904581&sectionRank=1&token=0~edcc558f-152b-4952-a050-2599efcc9820&searchPath=%2Fid%2Fjob-search%2Fvideographer-jobs%2F&fr=SRP%20View%20In%20New%20Tab' is set on object 'Object Repository/Dashboard Admin - Job Vacancy (Kevin Rimbun)/Page_Comphy - Admin/input_Link Lamaran Pekerjaan_jobLink'

2022-06-09 00:40:43 - [TEST_STEP][PASSED] - click(findTestObject("Object Repository/Dashboard Admin - Job Vacancy (Kevin Rimbun)/Page_Comphy - Admin/button_Tambah Lowongan Lowongan")): Object: 'Object Repository/Dashboard Admin - Job Vacancy (Kevin Rimbun)/Page_Comphy - Admin/button_Tambah Lowongan Lowongan' is clicked on

2022-06-09 00:40:43 - [MESSAGE][PASSED] - Object: 'Object Repository/Dashboard Admin - Job Vacancy (Kevin Rimbun)/Page_Comphy - Admin/button_Tambah Lowongan Lowongan' is clicked on

2022-06-09 00:40:43 - [TEST_STEP][PASSED] - verifyElementPresent(findTestObject("Object Repository/Dashboard Admin - Job Vacancy (Kevin Rimbun)/Page_Comphy - Admin/div_Berhasil menambah Lowongan Pekerjaan"), 0): Object 'Object Repository/Dashboard Admin - Job Vacancy (Kevin Rimbun)/Page_Comphy - Admin/div_Berhasil menambah Lowongan Pekerjaan' is present

2022-06-09 00:40:44 - [MESSAGE][WARNING] - Timeout '0' is invalid. Using default page load timeout: '30'

2022-06-09 00:40:47 - [MESSAGE][PASSED] - Object 'Object Repository/Dashboard Admin - Job Vacancy (Kevin Rimbun)/Page_Comphy - Admin/div_Berhasil menambah Lowongan Pekerjaan' is present

2022-06-09 00:40:47 - [TEST_STEP][PASSED] - click(findTestObject("Object Repository/Dashboard Admin - Job Vacancy (Kevin Rimbun)/Page_Comphy - Admin/a_OK")): Object: 'Object Repository/Dashboard Admin - Job Vacancy (Kevin Rimbun)/Page_Comphy - Admin/a_OK' is clicked on

2022-06-09 00:40:52 - [MESSAGE][PASSED] - Object: 'Object Repository/Dashboard Admin - Job Vacancy (Kevin Rimbun)/Page_Comphy - Admin/a_OK' is clicked on

2022-06-09 00:40:52 - [TEST_STEP][PASSED] - verifyElementPresent(findTestObject("Object Repository/Dashboard Admin - Job Vacancy (Kevin Rimbun)/Page_Comphy - Admin/td_Videographer"), 0): Object 'Object Repository/Dashboard Admin - Job Vacancy (Kevin Rimbun)/Page_Comphy - Admin/td_Videographer' is present

2022-06-09 00:40:53 - [MESSAGE][WARNING] - Timeout '0' is invalid. Using default page load timeout: '30'

2022-06-09 00:40:53 - [MESSAGE][PASSED] - Object 'Object Repository/Dashboard Admin - Job Vacancy (Kevin Rimbun)/Page_Comphy - Admin/td_Videographer' is present

2022-06-09 00:40:53 - [TEST_STEP][PASSED] - click(findTestObject("Object Repository/Dashboard Admin - Job Vacancy (Kevin Rimbun)/Page_Comphy - Admin/span_Admin")): Object: 'Object Repository/Dashboard Admin - Job Vacancy (Kevin Rimbun)/Page_Comphy - Admin/span_Admin' is clicked on

2022-06-09 00:40:53 - [MESSAGE][PASSED] - Object: 'Object Repository/Dashboard Admin - Job Vacancy (Kevin Rimbun)/Page_Comphy - Admin/span_Admin' is clicked on

2022-06-09 00:40:53 - [TEST_STEP][PASSED] - click(findTestObject("Object Repository/Dashboard Admin - Job Vacancy (Kevin Rimbun)/Page_Comphy - Admin/a_Logout")): Object: 'Object Repository/Dashboard Admin - Job Vacancy (Kevin Rimbun)/Page_Comphy - Admin/a_Logout' is clicked on

2022-06-09 00:40:54 - [MESSAGE][PASSED] - Object: 'Object Repository/Dashboard Admin - Job Vacancy (Kevin Rimbun)/Page_Comphy - Admin/a_Logout' is clicked on

2022-06-09 00:40:54 - [TEST_STEP][PASSED] - verifyElementPresent(findTestObject("Object Repository/Dashboard Admin - Job Vacancy (Kevin Rimbun)/Page_Comphy - Admin/div_Select Logout below if you are ready to_ea7f33"), 0): Object 'Object Repository/Dashboard Admin - Job Vacancy (Kevin Rimbun)/Page_Comphy - Admin/div_Select Logout below if you are ready to_ea7f33' is present

2022-06-09 00:40:54 - [MESSAGE][WARNING] - Timeout '0' is invalid. Using default page load timeout: '30'

2022-06-09 00:40:54 - [MESSAGE][PASSED] - Object 'Object Repository/Dashboard Admin - Job Vacancy (Kevin Rimbun)/Page_Comphy - Admin/div_Select Logout below if you are ready to_ea7f33' is present

2022-06-09 00:40:54 - [TEST_STEP][PASSED] - click(findTestObject("Object Repository/Dashboard Admin - Job Vacancy (Kevin Rimbun)/Page_Comphy - Admin/a_Logout_1")): Object: 'Object Repository/Dashboard Admin - Job Vacancy (Kevin Rimbun)/Page_Comphy - Admin/a_Logout_1' is clicked on

2022-06-09 00:40:56 - [MESSAGE][PASSED] - Object: 'Object Repository/Dashboard Admin - Job Vacancy (Kevin Rimbun)/Page_Comphy - Admin/a_Logout_1' is clicked on

2022-06-09 00:40:56 - [TEST_STEP][PASSED] - verifyElementPresent(findTestObject("Object Repository/Dashboard Admin - Job Vacancy (Kevin Rimbun)/Page_Admin Comphy - Login/img_Welcome Back Admin Comphy_w-50"), 0): Object 'Object Repository/Dashboard Admin - Job Vacancy (Kevin Rimbun)/Page_Admin Comphy - Login/img_Welcome Back Admin Comphy_w-50' is present

2022-06-09 00:40:56 - [MESSAGE][WARNING] - Timeout '0' is invalid. Using default page load timeout: '30'

2022-06-09 00:40:59 - [MESSAGE][PASSED] - Object 'Object Repository/Dashboard Admin - Job Vacancy (Kevin Rimbun)/Page_Admin Comphy - Login/img_Welcome Back Admin Comphy_w-50' is present

2022-06-09 00:40:59 - [TEST_STEP][PASSED] - closeBrowser(): Browser is closed

2022-06-09 00:41:01 - [MESSAGE][PASSED] - Browser is closed]]></system-out>
         <system-err><![CDATA[]]></system-err>
      </testcase>
      <system-out><![CDATA[2022-06-09 00:39:40 - [TEST_SUITE][PASSED] - TS Dashboard Admin - Job Vacancy: Test Cases/TC Dashboard Admin - Job Vacancy]]></system-out>
      <system-err><![CDATA[]]></system-err>
   </testsuite>
</testsuites>
